Arguments: 
  /usr/local/Cellar/node/14.7.0/bin/node /usr/local/bin/yarn install

PATH: 
  /usr/local/bin:/usr/bin:/bin:/usr/sbin:/sbin:/Applications/VMware Fusion.app/Contents/Public:/Library/Apple/usr/bin:/Library/Frameworks/Mono.framework/Versions/Current/Commands:/Applications/Xamarin Workbooks.app/Contents/SharedSupport/path-bin

Yarn version: 
  1.21.1

Node version: 
  14.7.0

Platform: 
  darwin x64

Trace: 
  Error: Client network socket disconnected before secure TLS connection was established
      at connResetException (internal/errors.js:612:14)
      at TLSSocket.onConnectEnd (_tls_wrap.js:1544:19)
      at TLSSocket.emit (events.js:326:22)
      at endReadableNT (_stream_readable.js:1244:12)
      at processTicksAndRejections (internal/process/task_queues.js:80:21)

npm manifest: 
  {
    "name": "RNAssessment",
    "version": "0.0.1",
    "private": true,
    "scripts": {
      "android": "react-native run-android",
      "ios": "react-native run-ios",
      "start": "react-native start",
      "test": "jest",
      "lint": "eslint ."
    },
    "dependencies": {
      "axios": "^0.20.0",
      "react": "16.13.1",
      "react-native": "0.63.3"
    },
    "devDependencies": {
      "@babel/core": "^7.8.4",
      "@babel/runtime": "^7.8.4",
      "@react-native-community/eslint-config": "^1.1.0",
      "babel-jest": "^25.1.0",
      "eslint": "^6.5.1",
      "jest": "^25.1.0",
      "metro-react-native-babel-preset": "^0.59.0",
      "react-test-renderer": "16.13.1"
    },
    "jest": {
      "preset": "react-native"
    }
  }

yarn manifest: 
  No manifest

Lockfile: 
  No lockfile
